Arguments: 
  C:\Program Files\nodejs\node.exe C:\Users\New PC\AppData\Roaming\npm\node_modules\yarn\bin\yarn.js add express monogodb cors jsonwebtoken

PATH: 
  C:\Program Files\WindowsApps\Microsoft.PowerShell_7.2.7.0_x64__8wekyb3d8bbwe;C:\Windows\system32;C:\Windows;C:\Windows\System32\Wbem;C:\Windows\System32\WindowsPowerShell\v1.0\;C:\Windows\System32\OpenSSH\;C:\MinGW\bin;C:\Program Files\Git\cmd;C:\ProgramData\chocolatey\bin;C:\Program Files\nodejs\;C:\Users\New PC\AppData\Local\Microsoft\WindowsApps;C:\Users\New PC\AppData\Local\Programs\oh-my-posh\bin;C:\Users\New PC\AppData\Local\GitHubDesktop\bin;C:\Users\New PC\AppData\Local\Programs\Microsoft VS Code\bin;C:\Users\New PC\AppData\Roaming\npm;C:\Program Files\MongoDB\Server\6.0\bin;C:\Program Files\mongosh-1.6.0-win32-x64\bin;

Yarn version: 
  1.22.19

Node version: 
  16.18.0

Platform: 
  win32 x64

Trace: 
  Error: https://registry.npmjs.org/monogodb: Not found
      at Request.params.callback [as _callback] (C:\Users\New PC\AppData\Roaming\npm\node_modules\yarn\lib\cli.js:66145:18)
      at Request.self.callback (C:\Users\New PC\AppData\Roaming\npm\node_modules\yarn\lib\cli.js:140890:22)
      at Request.emit (node:events:513:28)
      at Request.<anonymous> (C:\Users\New PC\AppData\Roaming\npm\node_modules\yarn\lib\cli.js:141862:10)
      at Request.emit (node:events:513:28)
      at IncomingMessage.<anonymous> (C:\Users\New PC\AppData\Roaming\npm\node_modules\yarn\lib\cli.js:141784:12)
      at Object.onceWrapper (node:events:627:28)
      at IncomingMessage.emit (node:events:525:35)
      at endReadableNT (node:internal/streams/readable:1358:12)
      at processTicksAndRejections (node:internal/process/task_queues:83:21)

npm manifest: 
  {
    "name": "backend",
    "version": "1.0.0",
    "main": "index.js",
    "license": "MIT"
  }

yarn manifest: 
  No manifest

Lockfile: 
  No lockfile
